#
# There is insufficient memory for the Java Runtime Environment to continue.
# Native memory allocation (malloc) failed to allocate 883776 bytes for Chunk::new
# Possible reasons:
#   The system is out of physical RAM or swap space
#   The process is running with CompressedOops enabled, and the Java Heap may be blocking the growth of the native heap
# Possible solutions:
#   Reduce memory load on the system
#   Increase physical memory or swap space
#   Check if swap backing store is full
#   Decrease Java heap size (-Xmx/-Xms)
#   Decrease number of Java threads
#   Decrease Java thread stack sizes (-Xss)
#   Set larger code cache with -XX:ReservedCodeCacheSize=
#   JVM is running with Unscaled Compressed Oops mode in which the Java heap is
#     placed in the first 4GB address space. The Java Heap base address is the
#     maximum limit for the native heap growth. Please use -XX:HeapBaseMinAddress
#     to set the Java Heap base and to place the Java Heap above 4GB virtual address.
# This output file may be truncated or incomplete.
#
#  Out of Memory Error (allocation.cpp:389), pid=8408, tid=0x0000000000002128
#
# JRE version: OpenJDK Runtime Environment (8.0_242-b01) (build 1.8.0_242-release-1644-b01)
# Java VM: OpenJDK 64-Bit Server VM (25.242-b01 mixed mode windows-amd64 compressed oops)
# Failed to write core dump. Minidumps are not enabled by default on client versions of Windows
#

---------------  T H R E A D  ---------------

Current thread (0x0000000059246800):  JavaThread "C2 CompilerThread1" daemon [_thread_in_native, id=8488, stack(0x0000000059f50000,0x000000005a050000)]

Stack: [0x0000000059f50000,0x000000005a050000]
[error occurred during error reporting (printing stack bounds), id 0xc0000005]

Native frames: (J=compiled Java code, j=interpreted, Vv=VM code, C=native code)


Current CompileTask:
C2:  19756 3589       4       org.objectweb.asm.Frame::execute (2318 bytes)


---------------  P R O C E S S  ---------------

Java Threads: ( => current thread )
  0x000000005da00000 JavaThread "Build operations Thread 6" [_thread_blocked, id=5648, stack(0x0000000063d10000,0x0000000063e10000)]
  0x000000005d9ff800 JavaThread "Build operations Thread 5" [_thread_blocked, id=7180, stack(0x0000000063af0000,0x0000000063bf0000)]
  0x000000005d9fe800 JavaThread "Build operations Thread 4" [_thread_blocked, id=7392, stack(0x00000000639c0000,0x0000000063ac0000)]
  0x000000005d9fe000 JavaThread "Build operations Thread 3" [_thread_blocked, id=8980, stack(0x0000000063810000,0x0000000063910000)]
  0x000000005d9fd000 JavaThread "Build operations Thread 2" [_thread_blocked, id=9052, stack(0x000000005e6b0000,0x000000005e7b0000)]
  0x000000005d9fc800 JavaThread "Build operations" [_thread_blocked, id=8372, stack(0x0000000063690000,0x0000000063790000)]
  0x000000005d9f5800 JavaThread "Cache worker for execution history cache (C:\Users\User\.gradle\caches\6.1.1\executionHistory)" [_thread_blocked, id=6752, stack(0x0000000061950000,0x0000000061a50000)]
  0x000000005d9f5000 JavaThread "Cache worker for cache directory md-rule (C:\Users\User\.gradle\caches\6.1.1\md-rule)" [_thread_blocked, id=8452, stack(0x0000000061830000,0x0000000061930000)]
  0x000000005d9f4000 JavaThread "Cache worker for cache directory md-supplier (C:\Users\User\.gradle\caches\6.1.1\md-supplier)" [_thread_blocked, id=8344, stack(0x000000005eb10000,0x000000005ec10000)]
  0x000000005d9f3800 JavaThread "Cache worker for file hash cache (C:\Users\User\Desktop\9-Notes\Notes-1ea071e494c9994ef9ef58396afbb0a6615b0743\.gradle\6.1.1\fileHashes)" [_thread_blocked, id=8332, stack(0x0000000061210000,0x0000000061310000)]
  0x000000005d9f2800 JavaThread "Cache worker for checksums cache (C:\Users\User\Desktop\9-Notes\Notes-1ea071e494c9994ef9ef58396afbb0a6615b0743\.gradle\checksums)" [_thread_blocked, id=1164, stack(0x0000000061100000,0x0000000061200000)]
  0x000000005d9f2000 JavaThread "Cache worker for file hash cache (C:\Users\User\.gradle\caches\6.1.1\fileHashes)" [_thread_blocked, id=7472, stack(0x000000005ed90000,0x000000005ee90000)]
  0x000000005d8b8000 JavaThread "File lock request listener" [_thread_in_native, id=7300, stack(0x000000005ec20000,0x000000005ed20000)]
  0x000000005d7ac000 JavaThread "Cache worker for journal cache (C:\Users\User\.gradle\caches\journal-1)" [_thread_blocked, id=7660, stack(0x000000005d000000,0x000000005d100000)]
  0x000000005d778800 JavaThread "Thread-9" [_thread_blocked, id=7384, stack(0x000000005e7f0000,0x000000005e8f0000)]
  0x000000005d775800 JavaThread "Stdin handler" [_thread_blocked, id=2840, stack(0x000000005e580000,0x000000005e680000)]
  0x000000005d75d000 JavaThread "Asynchronous log dispatcher for DefaultDaemonConnection: socket connection from /127.0.0.1:59213 to /127.0.0.1:59214" [_thread_blocked, id=8524, stack(0x000000005d250000,0x000000005d350000)]
  0x000000005d759000 JavaThread "Daemon worker" [_thread_in_native, id=1924, stack(0x000000005e450000,0x000000005e550000)]
  0x000000005d75e000 JavaThread "Cancel handler" [_thread_blocked, id=768, stack(0x000000005d110000,0x000000005d210000)]
  0x000000005d740800 JavaThread "Handler for socket connection from /127.0.0.1:59213 to /127.0.0.1:59214" [_thread_in_native, id=8484, stack(0x000000005c160000,0x000000005c260000)]
  0x000000005d740000 JavaThread "Daemon" [_thread_blocked, id=4500, stack(0x000000005c3f0000,0x000000005c4f0000)]
  0x000000005d6eb000 JavaThread "Daemon periodic checks" [_thread_blocked, id=7400, stack(0x000000005bf00000,0x000000005c000000)]
  0x000000005d6e9000 JavaThread "Incoming local TCP Connector on port 59213" [_thread_in_native, id=7992, stack(0x000000005c260000,0x000000005c360000)]
  0x000000005d6a5000 JavaThread "Daemon health stats" [_thread_blocked, id=1632, stack(0x000000005bbe0000,0x000000005bce0000)]
  0x00000000592c3800 JavaThread "Service Thread" daemon [_thread_blocked, id=2852, stack(0x000000005a110000,0x000000005a210000)]
  0x0000000059264800 JavaThread "C1 CompilerThread2" daemon [_thread_blocked, id=6060, stack(0x0000000059ae0000,0x0000000059be0000)]
=>0x0000000059246800 JavaThread "C2 CompilerThread1" daemon [_thread_in_native, id=8488, stack(0x0000000059f50000,0x000000005a050000)]
  0x0000000059239800 JavaThread "C2 CompilerThread0" daemon [_thread_in_native, id=8824, stack(0x0000000059d60000,0x0000000059e60000)]
  0x000000005923f000 JavaThread "Attach Listener" daemon [_thread_blocked, id=9040, stack(0x0000000059c30000,0x0000000059d30000)]
  0x000000005923e000 JavaThread "Signal Dispatcher" daemon [_thread_blocked, id=7484, stack(0x0000000059980000,0x0000000059a80000)]
  0x0000000057ac4800 JavaThread "Finalizer" daemon [_thread_blocked, id=8168, stack(0x00000000597f0000,0x00000000598f0000)]
  0x0000000059220800 JavaThread "Reference Handler" daemon [_thread_blocked, id=7316, stack(0x0000000059610000,0x0000000059710000)]
  0x000000000047e800 JavaThread "main" [_thread_blocked, id=1124, stack(0x0000000002340000,0x0000000002440000)]

Other Threads:
  0x0000000057ab7000 VMThread [stack: 0x00000000590e0000,0x00000000591e0000] [id=7104]
  0x00000000592c9000 WatcherThread [stack: 0x000000005a2a0000,0x000000005a3a0000] [id=5812]

VM state:not at safepoint (normal execution)

VM Mutex/Monitor currently owned by a thread: None

heap address: 0x0000000080000000, size: 2048 MB, Compressed Oops mode: 32-bit
Narrow klass base: 0x0000000000000000, Narrow klass shift: 0
Compressed class space size: 1073741824 Address: 0x00000000170d0000

Heap:
 PSYoungGen      total 275968K, used 37041K [0x00000000d5580000, 0x00000000ee380000, 0x0000000100000000)
  eden space 260096K, 14% used [0x00000000d5580000,0x00000000d79ac788,0x00000000e5380000)
  from space 15872K, 0% used [0x00000000e5380000,0x00000000e5380000,0x00000000e6300000)
  to   space 15872K, 0% used [0x00000000ed400000,0x00000000ed400000,0x00000000ee380000)
 ParOldGen       total 87040K, used 16557K [0x0000000080000000, 0x0000000085500000, 0x00000000d5580000)
  object space 87040K, 19% used [0x0000000080000000,0x000000008102b6d0,0x0000000085500000)
 Metaspace       used 35807K, capacity 36998K, committed 37288K, reserved 1081344K
  class space    used 4920K, capacity 5190K, committed 5296K, reserved 1048576K

Card table byte_map: [0x0000000011bc0000,0x0000000011fd0000] byte_map_base: 0x00000000117c0000

Marking Bits: (ParMarkBitMap*) 0x000000005cd6f030
 Begin Bits: [0x0000000012cd0000, 0x0000000014cd0000)
 End Bits:   [0x0000000014cd0000, 0x0000000016cd0000)

Polling page: 0x00000000001c0000

CodeCache: size=245760Kb used=11750Kb max_used=11758Kb free=234009Kb
 bounds [0x0000000002800000, 0x00000000033a0000, 0x0000000011800000]
 total_blobs=4024 nmethods=3323 adapters=614
 compilation: enabled

Compilation events (10 events):
Event: 19.652 Thread 0x0000000059246800 nmethod 3572 0x0000000002b3b090 code [0x0000000002b3b340, 0x0000000002b3ca38]
Event: 19.652 Thread 0x0000000059246800 3589       4       org.objectweb.asm.Frame::execute (2318 bytes)
Event: 19.660 Thread 0x0000000059264800 3592       3       com.google.common.base.Preconditions::checkArgument (17 bytes)
Event: 19.660 Thread 0x0000000059264800 nmethod 3592 0x00000000029744d0 code [0x0000000002974660, 0x00000000029749f8]
Event: 19.661 Thread 0x0000000059264800 3593       3       java.util.AbstractCollection::toArray (70 bytes)
Event: 19.662 Thread 0x0000000059264800 nmethod 3593 0x000000000297e310 code [0x000000000297e500, 0x000000000297ee68]
Event: 19.663 Thread 0x0000000059264800 3594       3       com.google.common.collect.AbstractMapBasedMultimap$WrappedCollection$WrappedIterator::hasNext (14 bytes)
Event: 19.663 Thread 0x0000000059264800 nmethod 3594 0x000000000297db10 code [0x000000000297dca0, 0x000000000297e0e8]
Event: 19.663 Thread 0x0000000059264800 3595       1       com.google.common.collect.CompactHashMap::size (5 bytes)
Event: 19.663 Thread 0x0000000059264800 nmethod 3595 0x000000000297d810 code [0x000000000297d960, 0x000000000297da70]

GC Heap History (10 events):
Event: 3.814 GC heap before
{Heap before GC invocations=5 (full 0):
 PSYoungGen      total 138240K, used 14089K [0x00000000d5580000, 0x00000000de180000, 0x0000000100000000)
  eden space 133120K, 6% used [0x00000000d5580000,0x00000000d5e4a758,0x00000000dd780000)
  from space 5120K, 99% used [0x00000000ddc80000,0x00000000de178030,0x00000000de180000)
  to   space 5120K, 0% used [0x00000000dd780000,0x00000000dd780000,0x00000000ddc80000)
 ParOldGen       total 87552K, used 10770K [0x0000000080000000, 0x0000000085580000, 0x00000000d5580000)
  object space 87552K, 12% used [0x0000000080000000,0x0000000080a84be8,0x0000000085580000)
 Metaspace       used 20664K, capacity 21182K, committed 21296K, reserved 1067008K
  class space    used 2904K, capacity 3091K, committed 3120K, reserved 1048576K
Event: 3.822 GC heap after
Heap after GC invocations=5 (full 0):
 PSYoungGen      total 138240K, used 5092K [0x00000000d5580000, 0x00000000e7280000, 0x0000000100000000)
  eden space 133120K, 0% used [0x00000000d5580000,0x00000000d5580000,0x00000000dd780000)
  from space 5120K, 99% used [0x00000000dd780000,0x00000000ddc79050,0x00000000ddc80000)
  to   space 12800K, 0% used [0x00000000e6600000,0x00000000e6600000,0x00000000e7280000)
 ParOldGen       total 87552K, used 11198K [0x0000000080000000, 0x0000000085580000, 0x00000000d5580000)
  object space 87552K, 12% used [0x0000000080000000,0x0000000080aefa58,0x0000000085580000)
 Metaspace       used 20664K, capacity 21182K, committed 21296K, reserved 1067008K
  class space    used 2904K, capacity 3091K, committed 3120K, reserved 1048576K
}
Event: 3.822 GC heap before
{Heap before GC invocations=6 (full 1):
 PSYoungGen      total 138240K, used 5092K [0x00000000d5580000, 0x00000000e7280000, 0x0000000100000000)
  eden space 133120K, 0% used [0x00000000d5580000,0x00000000d5580000,0x00000000dd780000)
  from space 5120K, 99% used [0x00000000dd780000,0x00000000ddc79050,0x00000000ddc80000)
  to   space 12800K, 0% used [0x00000000e6600000,0x00000000e6600000,0x00000000e7280000)
 ParOldGen       total 87552K, used 11198K [0x0000000080000000, 0x0000000085580000, 0x00000000d5580000)
  object space 87552K, 12% used [0x0000000080000000,0x0000000080aefa58,0x0000000085580000)
 Metaspace       used 20664K, capacity 21182K, committed 21296K, reserved 1067008K
  class space    used 2904K, capacity 3091K, committed 3120K, reserved 1048576K
Event: 3.878 GC heap after
Heap after GC invocations=6 (full 1):
 PSYoungGen      total 138240K, used 0K [0x00000000d5580000, 0x00000000e7280000, 0x0000000100000000)
  eden space 133120K, 0% used [0x00000000d5580000,0x00000000d5580000,0x00000000dd780000)
  from space 5120K, 0% used [0x00000000dd780000,0x00000000dd780000,0x00000000ddc80000)
  to   space 12800K, 0% used [0x00000000e6600000,0x00000000e6600000,0x00000000e7280000)
 ParOldGen       total 56832K, used 6952K [0x0000000080000000, 0x0000000083780000, 0x00000000d5580000)
  object space 56832K, 12% used [0x0000000080000000,0x00000000806ca2a0,0x0000000083780000)
 Metaspace       used 20664K, capacity 21182K, committed 21296K, reserved 1067008K
  class space    used 2904K, capacity 3091K, committed 3120K, reserved 1048576K
}
Event: 5.409 GC heap before
{Heap before GC invocations=7 (full 1):
 PSYoungGen      total 138240K, used 133120K [0x00000000d5580000, 0x00000000e7280000, 0x0000000100000000)
  eden space 133120K, 100% used [0x00000000d5580000,0x00000000dd780000,0x00000000dd780000)
  from space 5120K, 0% used [0x00000000dd780000,0x00000000dd780000,0x00000000ddc80000)
  to   space 12800K, 0% used [0x00000000e6600000,0x00000000e6600000,0x00000000e7280000)
 ParOldGen       total 56832K, used 6952K [0x0000000080000000, 0x0000000083780000, 0x00000000d5580000)
  object space 56832K, 12% used [0x0000000080000000,0x00000000806ca2a0,0x0000000083780000)
 Metaspace       used 32117K, capacity 32856K, committed 33072K, reserved 1077248K
  class space    used 4380K, capacity 4585K, committed 4656K, reserved 1048576K
Event: 5.429 GC heap after
Heap after GC invocations=7 (full 1):
 PSYoungGen      total 239104K, used 12781K [0x00000000d5580000, 0x00000000e7280000, 0x0000000100000000)
  eden space 226304K, 0% used [0x00000000d5580000,0x00000000d5580000,0x00000000e3280000)
  from space 12800K, 99% used [0x00000000e6600000,0x00000000e727b730,0x00000000e7280000)
  to   space 15872K, 0% used [0x00000000e5380000,0x00000000e5380000,0x00000000e6300000)
 ParOldGen       total 56832K, used 7779K [0x0000000080000000, 0x0000000083780000, 0x00000000d5580000)
  object space 56832K, 13% used [0x0000000080000000,0x0000000080798d90,0x0000000083780000)
 Metaspace       used 32117K, capacity 32856K, committed 33072K, reserved 1077248K
  class space    used 4380K, capacity 4585K, committed 4656K, reserved 1048576K
}
Event: 7.214 GC heap before
{Heap before GC invocations=8 (full 1):
 PSYoungGen      total 239104K, used 69466K [0x00000000d5580000, 0x00000000e7280000, 0x0000000100000000)
  eden space 226304K, 25% used [0x00000000d5580000,0x00000000d8cdb158,0x00000000e3280000)
  from space 12800K, 99% used [0x00000000e6600000,0x00000000e727b730,0x00000000e7280000)
  to   space 15872K, 0% used [0x00000000e5380000,0x00000000e5380000,0x00000000e6300000)
 ParOldGen       total 56832K, used 7779K [0x0000000080000000, 0x0000000083780000, 0x00000000d5580000)
  object space 56832K, 13% used [0x0000000080000000,0x0000000080798d90,0x0000000083780000)
 Metaspace       used 34516K, capacity 35330K, committed 35496K, reserved 1079296K
  class space    used 4704K, capacity 4916K, committed 5040K, reserved 1048576K
Event: 7.236 GC heap after
Heap after GC invocations=8 (full 1):
 PSYoungGen      total 275968K, used 10299K [0x00000000d5580000, 0x00000000ee380000, 0x0000000100000000)
  eden space 260096K, 0% used [0x00000000d5580000,0x00000000d5580000,0x00000000e5380000)
  from space 15872K, 64% used [0x00000000e5380000,0x00000000e5d8edd8,0x00000000e6300000)
  to   space 15872K, 0% used [0x00000000ed400000,0x00000000ed400000,0x00000000ee380000)
 ParOldGen       total 56832K, used 7787K [0x0000000080000000, 0x0000000083780000, 0x00000000d5580000)
  object space 56832K, 13% used [0x0000000080000000,0x000000008079ad90,0x0000000083780000)
 Metaspace       used 34516K, capacity 35330K, committed 35496K, reserved 1079296K
  class space    used 4704K, capacity 4916K, committed 5040K, reserved 1048576K
}
Event: 7.236 GC heap before
{Heap before GC invocations=9 (full 2):
 PSYoungGen      total 275968K, used 10299K [0x00000000d5580000, 0x00000000ee380000, 0x0000000100000000)
  eden space 260096K, 0% used [0x00000000d5580000,0x00000000d5580000,0x00000000e5380000)
  from space 15872K, 64% used [0x00000000e5380000,0x00000000e5d8edd8,0x00000000e6300000)
  to   space 15872K, 0% used [0x00000000ed400000,0x00000000ed400000,0x00000000ee380000)
 ParOldGen       total 56832K, used 7787K [0x0000000080000000, 0x0000000083780000, 0x00000000d5580000)
  object space 56832K, 13% used [0x0000000080000000,0x000000008079ad90,0x0000000083780000)
 Metaspace       used 34516K, capacity 35330K, committed 35496K, reserved 1079296K
  class space    used 4704K, capacity 4916K, committed 5040K, reserved 1048576K
Event: 7.368 GC heap after
Heap after GC invocations=9 (full 2):
 PSYoungGen      total 275968K, used 0K [0x00000000d5580000, 0x00000000ee380000, 0x0000000100000000)
  eden space 260096K, 0% used [0x00000000d5580000,0x00000000d5580000,0x00000000e5380000)
  from space 15872K, 0% used [0x00000000e5380000,0x00000000e5380000,0x00000000e6300000)
  to   space 15872K, 0% used [0x00000000ed400000,0x00000000ed400000,0x00000000ee380000)
 ParOldGen       total 87040K, used 16557K [0x0000000080000000, 0x0000000085500000, 0x00000000d5580000)
  object space 87040K, 19% used [0x0000000080000000,0x000000008102b6d0,0x0000000085500000)
 Metaspace       used 34516K, capacity 35330K, committed 35496K, reserved 1079296K
  class space    used 4704K, capacity 4916K, committed 5040K, reserved 1048576K
}

Deoptimization events (10 events):
Event: 4.866 Thread 0x000000005d759000 Uncommon trap: reason=unstable_if action=reinterpret pc=0x0000000002a65f70 method=java.util.HashMap.getNode(ILjava/lang/Object;)Ljava/util/HashMap$Node; @ 53
Event: 4.866 Thread 0x000000005d759000 Uncommon trap: reason=unstable_if action=reinterpret pc=0x0000000002cab91c method=java.util.HashMap.hash(Ljava/lang/Object;)I @ 1
Event: 5.080 Thread 0x000000005d759000 Uncommon trap: reason=class_check action=maybe_recompile pc=0x0000000002eed360 method=sun.misc.URLClassPath.getLoader(I)Lsun/misc/URLClassPath$Loader; @ 94
Event: 5.095 Thread 0x000000005d759000 Uncommon trap: reason=class_check action=maybe_recompile pc=0x0000000002efa6c8 method=sun.misc.URLClassPath.getLoader(I)Lsun/misc/URLClassPath$Loader; @ 239
Event: 5.252 Thread 0x000000005d759000 Uncommon trap: reason=class_check action=maybe_recompile pc=0x0000000002f2c5bc method=java.util.WeakHashMap.eq(Ljava/lang/Object;Ljava/lang/Object;)Z @ 7
Event: 5.433 Thread 0x0000000059220800 Uncommon trap: reason=unstable_if action=reinterpret pc=0x0000000002d13fc8 method=java.lang.ref.Reference.tryHandlePending(Z)Z @ 104
Event: 5.437 Thread 0x000000005d759000 Uncommon trap: reason=unstable_if action=reinterpret pc=0x0000000002ca394c method=java.util.WeakHashMap.expungeStaleEntries()V @ 66
Event: 7.616 Thread 0x000000005d9fd000 Uncommon trap: reason=unstable_if action=reinterpret pc=0x0000000002dcfdb8 method=java.util.concurrent.ConcurrentHashMap.putVal(Ljava/lang/Object;Ljava/lang/Object;Z)Ljava/lang/Object; @ 98
Event: 7.833 Thread 0x000000005da00000 Uncommon trap: reason=unstable_if action=reinterpret pc=0x000000000331685c method=com.esotericsoftware.kryo.io.Input.readUtf8Length(I)I @ 9
Event: 19.631 Thread 0x000000005d759000 Uncommon trap: reason=range_check action=make_not_entrant pc=0x00000000031ed884 method=java.lang.String.charAt(I)C @ 27

Classes redefined (0 events):
No events

Internal exceptions (10 events):
Event: 5.463 Thread 0x000000005d759000 Exception <a 'java/lang/ClassNotFoundException': groovy/lang/GString$1Customizer> (0x00000000d5aa1210) thrown at [C:\src\AOSP-openjdk-git\hotspot\src\share\vm\classfile\systemDictionary.cpp, line 210]
Event: 5.467 Thread 0x000000005d759000 Exception <a 'java/lang/ClassNotFoundException': org/codehaus/groovy/runtime/GStringImplBeanInfo> (0x00000000d5b51580) thrown at [C:\src\AOSP-openjdk-git\hotspot\src\share\vm\classfile\systemDictionary.cpp, line 210]
Event: 5.468 Thread 0x000000005d759000 Exception <a 'java/lang/ClassNotFoundException': org/codehaus/groovy/runtime/GStringImplCustomizer> (0x00000000d5b7e668) thrown at [C:\src\AOSP-openjdk-git\hotspot\src\share\vm\classfile\systemDictionary.cpp, line 210]
Event: 5.666 Thread 0x000000005d759000 Exception <a 'java/lang/IncompatibleClassChangeError': Found class java.lang.Object, but interface was expected> (0x00000000d75ab840) thrown at [C:\src\AOSP-openjdk-git\hotspot\src\share\vm\interpreter\linkResolver.cpp, line 653]
Event: 5.667 Thread 0x000000005d759000 Exception <a 'java/lang/NoSuchMethodError': java.lang.Object.lambda$comparing$77a9974f$1(Ljava/util/function/Function;Ljava/lang/Object;Ljava/lang/Object;)I> (0x00000000d75b6da0) thrown at [C:\src\AOSP-openjdk-git\hotspot\src\share\vm\interpreter\linkReso
Event: 5.670 Thread 0x000000005d759000 Exception <a 'java/lang/NoSuchMethodError': java.lang.Object.lambda$thenComparing$36697e65$1(Ljava/util/Comparator;Ljava/lang/Object;Ljava/lang/Object;)I> (0x00000000d75cafc8) thrown at [C:\src\AOSP-openjdk-git\hotspot\src\share\vm\interpreter\linkResolve
Event: 5.672 Thread 0x000000005d759000 Exception <a 'java/lang/NoSuchMethodError': java.lang.Object.lambda$comparing$ea9a8b3a$1(Ljava/util/Comparator;Ljava/util/function/Function;Ljava/lang/Object;Ljava/lang/Object;)I> (0x00000000d75e21d8) thrown at [C:\src\AOSP-openjdk-git\hotspot\src\share\v
Event: 7.591 Thread 0x000000005d759000 Exception <a 'java/lang/NoSuchMethodError': java.lang.Object.lambda$static$0(Lorg/gradle/api/internal/artifacts/ivyservice/resolveengine/artifact/ArtifactVisitor;)V> (0x00000000d5fed750) thrown at [C:\src\AOSP-openjdk-git\hotspot\src\share\vm\interpreter\
Event: 19.588 Thread 0x000000005d759000 Exception <a 'java/lang/ClassNotFoundException': build_f0rlhwlno44dkuifgu7dwislzBeanInfo> (0x00000000d736e010) thrown at [C:\src\AOSP-openjdk-git\hotspot\src\share\vm\classfile\systemDictionary.cpp, line 210]
Event: 19.588 Thread 0x000000005d759000 Exception <a 'java/lang/ClassNotFoundException': build_f0rlhwlno44dkuifgu7dwislzCustomizer> (0x00000000d737b138) thrown at [C:\src\AOSP-openjdk-git\hotspot\src\share\vm\classfile\systemDictionary.cpp, line 210]

Events (10 events):
Event: 19.668 loading class org/gradle/api/internal/AbstractTask$TaskActionWrapper
Event: 19.668 loading class org/gradle/api/internal/AbstractTask$TaskActionWrapper done
Event: 19.669 loading class groovy/runtime/metaclass/org/gradle/api/tasks/Delete_DecoratedMetaClass
Event: 19.669 loading class groovy/runtime/metaclass/org/gradle/api/tasks/Delete_DecoratedMetaClass done
Event: 19.672 loading class org/gradle/api/tasks/Delete_DecoratedBeanInfo
Event: 19.672 loading class org/gradle/api/tasks/Delete_DecoratedBeanInfo done
Event: 19.672 loading class org/gradle/api/tasks/Delete_DecoratedBeanInfo
Event: 19.672 loading class org/gradle/api/tasks/Delete_DecoratedBeanInfo done
Event: 19.672 loading class org/gradle/api/tasks/Delete_DecoratedBeanInfo
Event: 19.672 loading class org/gradle/api/tasks/Delete_DecoratedBeanInfo done


Dynamic libraries:
0x000000013f0d0000 - 0x000000013f101000 	C:\Program Files\Android\Android Studio1\jre\bin\java.exe
0x0000000077150000 - 0x00000000772ef000 	C:\Windows\SYSTEM32\ntdll.dll
0x0000000076f30000 - 0x000000007704f000 	C:\Windows\system32\kernel32.dll
0x000007fefce90000 - 0x000007fefcef7000 	C:\Windows\system32\KERNELBASE.dll
0x000007fefecd0000 - 0x000007fefedab000 	C:\Windows\system32\ADVAPI32.dll
0x000007fefd560000 - 0x000007fefd5ff000 	C:\Windows\system32\msvcrt.dll
0x000007fefdc20000 - 0x000007fefdc3f000 	C:\Windows\SYSTEM32\sechost.dll
0x000007fefd410000 - 0x000007fefd53c000 	C:\Windows\system32\RPCRT4.dll
0x0000000077050000 - 0x000000007714b000 	C:\Windows\system32\USER32.dll
0x000007fefd030000 - 0x000007fefd097000 	C:\Windows\system32\GDI32.dll
0x000007fefec20000 - 0x000007fefec2e000 	C:\Windows\system32\LPK.dll
0x000007fefd600000 - 0x000007fefd6cb000 	C:\Windows\system32\USP10.dll
0x000007fefabc0000 - 0x000007fefadb5000 	C:\Windows\WinSxS\amd64_microsoft.windows.common-controls_6595b64144ccf1df_6.0.7601.24483_none_e372d88f30fbb845\COMCTL32.dll
0x000007fefd0a0000 - 0x000007fefd111000 	C:\Windows\system32\SHLWAPI.dll
0x000007fefd3e0000 - 0x000007fefd40e000 	C:\Windows\system32\IMM32.DLL
0x000007fefdc40000 - 0x000007fefdd4b000 	C:\Windows\system32\MSCTF.dll
0x000000005d350000 - 0x000000005d422000 	C:\Program Files\Android\Android Studio1\jre\jre\bin\msvcr100.dll
0x000000005c5a0000 - 0x000000005cdeb000 	C:\Program Files\Android\Android Studio1\jre\jre\bin\server\jvm.dll
0x000007fef3ea0000 - 0x000007fef3ea9000 	C:\Windows\system32\WSOCK32.dll
0x000007fefebd0000 - 0x000007fefec1d000 	C:\Windows\system32\WS2_32.dll
0x000007fefebc0000 - 0x000007fefebc8000 	C:\Windows\system32\NSI.dll
0x000007fef7bc0000 - 0x000007fef7bfb000 	C:\Windows\system32\WINMM.dll
0x000007fefbe90000 - 0x000007fefbe9c000 	C:\Windows\system32\VERSION.dll
0x00000000772f0000 - 0x00000000772f7000 	C:\Windows\system32\PSAPI.DLL
0x000007fee9c50000 - 0x000007fee9c5f000 	C:\Program Files\Android\Android Studio1\jre\jre\bin\verify.dll
0x000007fee57a0000 - 0x000007fee57c9000 	C:\Program Files\Android\Android Studio1\jre\jre\bin\java.dll
0x000007fee6d50000 - 0x000007fee6d66000 	C:\Program Files\Android\Android Studio1\jre\jre\bin\zip.dll
0x000007fefdd50000 - 0x000007fefeadb000 	C:\Windows\system32\SHELL32.dll
0x000007fefedb0000 - 0x000007fefefaf000 	C:\Windows\system32\ole32.dll
0x000007fefcc80000 - 0x000007fefcc8f000 	C:\Windows\system32\profapi.dll
0x000007fee5670000 - 0x000007fee568a000 	C:\Program Files\Android\Android Studio1\jre\jre\bin\net.dll
0x000007fefc3b0000 - 0x000007fefc405000 	C:\Windows\system32\mswsock.dll
0x000007fefc3a0000 - 0x000007fefc3a7000 	C:\Windows\System32\wship6.dll
0x000007fed87d0000 - 0x000007fed87e3000 	C:\Program Files\Android\Android Studio1\jre\jre\bin\nio.dll
0x000007fee9c60000 - 0x000007fee9c86000 	C:\Users\User\.gradle\native\31\windows-amd64\native-platform.dll
0x000007fefbed0000 - 0x000007fefbed3000 	C:\Windows\system32\api-ms-win-core-synch-l1-2-0.DLL
0x000007fee7770000 - 0x000007fee777d000 	C:\Program Files\Android\Android Studio1\jre\jre\bin\management.dll
0x000007fefc410000 - 0x000007fefc428000 	C:\Windows\system32\CRYPTSP.dll
0x000007fefc110000 - 0x000007fefc157000 	C:\Windows\system32\rsaenh.dll
0x000007fefd010000 - 0x000007fefd02f000 	C:\Windows\system32\USERENV.dll
0x000007fefcad0000 - 0x000007fefcadf000 	C:\Windows\system32\CRYPTBASE.dll
0x000007fefbc10000 - 0x000007fefbc37000 	C:\Windows\system32\IPHLPAPI.DLL
0x000007fefbc00000 - 0x000007fefbc0b000 	C:\Windows\system32\WINNSI.DLL
0x000007fef9ea0000 - 0x000007fef9eb8000 	C:\Windows\system32\dhcpcsvc.DLL
0x000007fef9e80000 - 0x000007fef9e91000 	C:\Windows\system32\dhcpcsvc6.DLL

VM Arguments:
jvm_args: -Xmx2048m -Dfile.encoding=windows-1251 -Duser.country=RU -Duser.language=ru -Duser.variant 
java_command: org.gradle.launcher.daemon.bootstrap.GradleDaemon 6.1.1
java_class_path (initial): C:\Users\User\.gradle\wrapper\dists\gradle-6.1.1-all\cfmwm155h49vnt3hynmlrsdst\gradle-6.1.1\lib\gradle-launcher-6.1.1.jar
Launcher Type: SUN_STANDARD

Environment Variables:
JAVA_HOME=C:\Program Files\Java\jdk1.8.0_221
PATH=C:\Program Files (x86)\Common Files\Oracle\Java\javapath;C:\Program Files (x86)\Common Files\Microsoft Shared\Windows Live;C:\ProgramData\Oracle\Java\javapath;C:\Program Files (x86)\AMD APP\bin\x86_64;C:\Program Files (x86)\AMD APP\bin\x86;C:\Windows\system32;C:\Windows;C:\Windows\System32\Wbem;C:\Windows\System32\WindowsPowerShell\v1.0\;C:\Program Files (x86)\ATI Technologies\ATI.ACE\Core-Static;C:\Program Files\NVIDIA Corporation\NVIDIA NvDLISRC:\Program Files\Java\jdk1.8.0_221\bin;C:\Program Files\NVIDIA Corporation\NVIDIA NvDLISR;C:\Program Files\Git\cmd;C:\Program Files\Git\mingw64\bin;C:\Program Files\Git\usr\bin;C:\Program Files (x86)\NVIDIA Corporation\PhysX\Common;C:\Program Files\Common Files\Microsoft Shared\Windows Live
USERNAME=User
OS=Windows_NT
PROCESSOR_IDENTIFIER=AMD64 Family 21 Model 1 Stepping 2, AuthenticAMD



---------------  S Y S T E M  ---------------

OS: Windows 7 , 64 bit Build 7601 (6.1.7601.24545)

CPU:total 6 (initial active 6) (6 cores per cpu, 1 threads per core) family 21 model 1 stepping 2, cmov, cx8, fxsr, mmx, sse, sse2, sse3, ssse3, sse4.1, sse4.2, popcnt, avx, aes, clmul, mmxext, 3dnowpref, lzcnt, sse4a, tsc, tscinvbit, tscinv

Memory: 4k page, physical 8387768k(3154740k free), swap 10450252k(5096k free)

vm_info: OpenJDK 64-Bit Server VM (25.242-b01) for windows-amd64 JRE (1.8.0_242-release-1644-b01), built by "builder" with MS VC++ 10.0 (VS2010)

time: Tue Aug 31 12:46:09 2021
timezone: RTZ 1 (зима)
elapsed time: 19 seconds (0d 0h 0m 19s)

